<?xml version="1.0" encoding="UTF-8"?>
<!-- Generated by org.testng.reporters.JUnitXMLReporter -->
<testsuite ignored="16" hostname="LAPTOP-T5I20ICV" failures="0" tests="5" name="Test" time="55.199" errors="0" timestamp="2022-09-23T23:32:33 IST">
  <testcase classname="Org.GenericUtility.Base_Class" name="@BeforeMethod Testcase5" time="28.471">
    <failure type="org.openqa.selenium.SessionNotCreatedException" message="Could not start a new session. Possible causes are invalid address of the remote server or browser start-up failure.">
      <![CDATA[org.openqa.selenium.SessionNotCreatedException: Could not start a new session. Possible causes are invalid address of the remote server or browser start-up failure.
at org.openqa.selenium.remote.RemoteWebDriver.execute(RemoteWebDriver.java:565)
at org.openqa.selenium.remote.RemoteWebDriver.startSession(RemoteWebDriver.java:242)
at org.openqa.selenium.remote.RemoteWebDriver.<init>(RemoteWebDriver.java:157)
at org.openqa.selenium.chromium.ChromiumDriver.<init>(ChromiumDriver.java:101)
at org.openqa.selenium.chrome.ChromeDriver.<init>(ChromeDriver.java:81)
at org.openqa.selenium.chrome.ChromeDriver.<init>(ChromeDriver.java:49)
at Org.GenericUtility.WebDriverUtility.OpenBrowser(WebDriverUtility.java:50)
at Org.GenericUtility.WebDriverUtility.openAndLaunchBrowser(WebDriverUtility.java:88)
at Org.GenericUtility.Base_Class.Testcase5(Base_Class.java:90)
at java.base/java.util.concurrent.ThreadPoolExecutor.runWorker(ThreadPoolExecutor.java:1136)
at java.base/java.util.concurrent.ThreadPoolExecutor$Worker.run(ThreadPoolExecutor.java:635)
at java.base/java.lang.Thread.run(Thread.java:833)
Caused by: org.openqa.selenium.WebDriverException: Timed out waiting for driver server to start.
Build info: version: '4.4.0', revision: 'e5c75ed026a'
System info: host: 'LAPTOP-T5I20ICV', ip: '192.168.1.151', os.name: 'Windows 11', os.arch: 'amd64', os.version: '10.0', java.version: '17.0.3'
Driver info: driver.version: ChromeDriver
at org.openqa.selenium.remote.service.DriverService.start(DriverService.java:230)
at org.openqa.selenium.remote.service.DriverCommandExecutor.execute(DriverCommandExecutor.java:98)
at org.openqa.selenium.remote.RemoteWebDriver.execute(RemoteWebDriver.java:547)
... 27 more
Caused by: java.util.concurrent.ExecutionException: org.openqa.selenium.WebDriverException: Timed out waiting for driver server to start.
Build info: version: '4.4.0', revision: 'e5c75ed026a'
System info: host: 'LAPTOP-T5I20ICV', ip: '192.168.1.151', os.name: 'Windows 11', os.arch: 'amd64', os.version: '10.0', java.version: '17.0.3'
Driver info: driver.version: unknown
at java.base/java.util.concurrent.CompletableFuture.reportGet(CompletableFuture.java:396)
at java.base/java.util.concurrent.CompletableFuture.get(CompletableFuture.java:2096)
at org.openqa.selenium.remote.service.DriverService.start(DriverService.java:220)
... 29 more
Caused by: org.openqa.selenium.WebDriverException: Timed out waiting for driver server to start.
Build info: version: '4.4.0', revision: 'e5c75ed026a'
System info: host: 'LAPTOP-T5I20ICV', ip: '192.168.1.151', os.name: 'Windows 11', os.arch: 'amd64', os.version: '10.0', java.version: '17.0.3'
Driver info: driver.version: unknown
at org.openqa.selenium.remote.service.DriverService.waitUntilAvailable(DriverService.java:251)
at org.openqa.selenium.remote.service.DriverService.lambda$start$1(DriverService.java:205)
at java.base/java.util.concurrent.CompletableFuture$AsyncSupply.run(CompletableFuture.java:1768)
... 3 more
Caused by: org.openqa.selenium.net.UrlChecker$TimeoutException: Timed out waiting for [http://localhost:51275/status] to be available after 20001 ms
at org.openqa.selenium.net.UrlChecker.waitUntilAvailable(UrlChecker.java:89)
at org.openqa.selenium.remote.service.DriverService.waitUntilAvailable(DriverService.java:247)
... 5 more
Caused by: java.util.concurrent.TimeoutException
at java.base/java.util.concurrent.FutureTask.get(FutureTask.java:204)
at org.openqa.selenium.net.UrlChecker.waitUntilAvailable(UrlChecker.java:87)
... 6 more
... Removed 16 stack frames]]>
    </failure>
  </testcase> <!-- @BeforeMethod Testcase5 -->
  <testcase classname="Org.GenericUtility.Base_Class" name="@AfterMethod Testcase7" time="-1.66395612967E9">
    <skipped/>
  </testcase> <!-- @AfterMethod Testcase7 -->
  <testcase classname="Org.GenericUtility.Base_Class" name="@AfterClass Testcase9" time="-1.663956129687E9">
    <skipped/>
  </testcase> <!-- @AfterClass Testcase9 -->
  <testcase classname="Org.GenericUtility.Base_Class" name="@BeforeMethod Testcase5" time="49.037">
    <failure type="org.openqa.selenium.WebDriverException" message="unknown error: net::ERR_NAME_NOT_RESOLVED
  (Session info: chrome=105.0.5195.127)
Build info: version: &amp;apos;4.4.0&amp;apos;, revision: &amp;apos;e5c75ed026a&amp;apos;
System info: host: &amp;apos;LAPTOP-T5I20ICV&amp;apos;, ip: &amp;apos;192.168.1.151&amp;apos;, os.name: &amp;apos;Windows 11&amp;apos;, os.arch: &amp;apos;amd64&amp;apos;, os.version: &amp;apos;10.0&amp;apos;, java.version: &amp;apos;17.0.3&amp;apos;
Driver info: org.openqa.selenium.chrome.ChromeDriver
Command: [f2e0ad743c6e284f0b555b52f37609c5, get {url=http://rmgtestingserver/domain/Online_Banking_System/}]
Capabilities {acceptInsecureCerts: false, browserName: chrome, browserVersion: 105.0.5195.127, chrome: {chromedriverVersion: 105.0.5195.52 (412c95e51883..., userDataDir: C:\Users\Shinde\AppData\Loc...}, goog:chromeOptions: {debuggerAddress: localhost:53774}, networkConnectionEnabled: false, pageLoadStrategy: normal, platformName: WINDOWS, proxy: Proxy(), se:cdp: ws://localhost:53774/devtoo..., se:cdpVersion: 105.0.5195.127, setWindowRect: true, strictFileInteractability: false, timeouts: {implicit: 0, pageLoad: 300000, script: 30000}, unhandledPromptBehavior: dismiss and notify, webauthn:extension:credBlob: true, webauthn:extension:largeBlob: true, webauthn:virtualAuthenticators: true}
Session ID: f2e0ad743c6e284f0b555b52f37609c5">
      <![CDATA[org.openqa.selenium.WebDriverException: unknown error: net::ERR_NAME_NOT_RESOLVED
  (Session info: chrome=105.0.5195.127)
Build info: version: '4.4.0', revision: 'e5c75ed026a'
System info: host: 'LAPTOP-T5I20ICV', ip: '192.168.1.151', os.name: 'Windows 11', os.arch: 'amd64', os.version: '10.0', java.version: '17.0.3'
Driver info: org.openqa.selenium.chrome.ChromeDriver
Command: [f2e0ad743c6e284f0b555b52f37609c5, get {url=http://rmgtestingserver/domain/Online_Banking_System/}]
Capabilities {acceptInsecureCerts: false, browserName: chrome, browserVersion: 105.0.5195.127, chrome: {chromedriverVersion: 105.0.5195.52 (412c95e51883..., userDataDir: C:\Users\Shinde\AppData\Loc...}, goog:chromeOptions: {debuggerAddress: localhost:53774}, networkConnectionEnabled: false, pageLoadStrategy: normal, platformName: WINDOWS, proxy: Proxy(), se:cdp: ws://localhost:53774/devtoo..., se:cdpVersion: 105.0.5195.127, setWindowRect: true, strictFileInteractability: false, timeouts: {implicit: 0, pageLoad: 300000, script: 30000}, unhandledPromptBehavior: dismiss and notify, webauthn:extension:credBlob: true, webauthn:extension:largeBlob: true, webauthn:virtualAuthenticators: true}
Session ID: f2e0ad743c6e284f0b555b52f37609c5
at org.openqa.selenium.remote.codec.w3c.W3CHttpResponseCodec.createException(W3CHttpResponseCodec.java:200)
at org.openqa.selenium.remote.codec.w3c.W3CHttpResponseCodec.decode(W3CHttpResponseCodec.java:133)
at org.openqa.selenium.remote.codec.w3c.W3CHttpResponseCodec.decode(W3CHttpResponseCodec.java:53)
at org.openqa.selenium.remote.HttpCommandExecutor.execute(HttpCommandExecutor.java:184)
at org.openqa.selenium.remote.service.DriverCommandExecutor.invokeExecute(DriverCommandExecutor.java:167)
at org.openqa.selenium.remote.service.DriverCommandExecutor.execute(DriverCommandExecutor.java:142)
at org.openqa.selenium.remote.RemoteWebDriver.execute(RemoteWebDriver.java:547)
at org.openqa.selenium.remote.RemoteWebDriver.get(RemoteWebDriver.java:310)
at Org.GenericUtility.WebDriverUtility.launchUrl(WebDriverUtility.java:77)
at Org.GenericUtility.WebDriverUtility.openAndLaunchBrowser(WebDriverUtility.java:91)
at Org.GenericUtility.Base_Class.Testcase5(Base_Class.java:90)
at java.base/java.util.concurrent.ThreadPoolExecutor.runWorker(ThreadPoolExecutor.java:1136)
at java.base/java.util.concurrent.ThreadPoolExecutor$Worker.run(ThreadPoolExecutor.java:635)
at java.base/java.lang.Thread.run(Thread.java:833)
... Removed 21 stack frames]]>
    </failure>
  </testcase> <!-- @BeforeMethod Testcase5 -->
  <testcase classname="Org.GenericUtility.Base_Class" name="@AfterMethod Testcase7" time="-1.663956150196E9">
    <skipped/>
  </testcase> <!-- @AfterMethod Testcase7 -->
  <testcase classname="Org.GenericUtility.Base_Class" name="@AfterClass Testcase9" time="-1.663956150199E9">
    <skipped/>
  </testcase> <!-- @AfterClass Testcase9 -->
  <testcase classname="Org.GenericUtility.Base_Class" name="@BeforeMethod Testcase5" time="49.133">
    <failure type="org.openqa.selenium.WebDriverException" message="unknown error: cannot determine loading status
from disconnected: received Inspector.detached event
  (Session info: chrome=105.0.5195.127)
Build info: version: &amp;apos;4.4.0&amp;apos;, revision: &amp;apos;e5c75ed026a&amp;apos;
System info: host: &amp;apos;LAPTOP-T5I20ICV&amp;apos;, ip: &amp;apos;192.168.1.151&amp;apos;, os.name: &amp;apos;Windows 11&amp;apos;, os.arch: &amp;apos;amd64&amp;apos;, os.version: &amp;apos;10.0&amp;apos;, java.version: &amp;apos;17.0.3&amp;apos;
Driver info: org.openqa.selenium.chrome.ChromeDriver
Command: [70c4e1e6408ccaaed8f83d5c8368160c, get {url=http://rmgtestingserver/domain/Online_Banking_System/}]
Capabilities {acceptInsecureCerts: false, browserName: chrome, browserVersion: 105.0.5195.127, chrome: {chromedriverVersion: 105.0.5195.52 (412c95e51883..., userDataDir: C:\Users\Shinde\AppData\Loc...}, goog:chromeOptions: {debuggerAddress: localhost:53775}, networkConnectionEnabled: false, pageLoadStrategy: normal, platformName: WINDOWS, proxy: Proxy(), se:cdp: ws://localhost:53775/devtoo..., se:cdpVersion: 105.0.5195.127, setWindowRect: true, strictFileInteractability: false, timeouts: {implicit: 0, pageLoad: 300000, script: 30000}, unhandledPromptBehavior: dismiss and notify, webauthn:extension:credBlob: true, webauthn:extension:largeBlob: true, webauthn:virtualAuthenticators: true}
Session ID: 70c4e1e6408ccaaed8f83d5c8368160c">
      <![CDATA[org.openqa.selenium.WebDriverException: unknown error: cannot determine loading status
from disconnected: received Inspector.detached event
  (Session info: chrome=105.0.5195.127)
Build info: version: '4.4.0', revision: 'e5c75ed026a'
System info: host: 'LAPTOP-T5I20ICV', ip: '192.168.1.151', os.name: 'Windows 11', os.arch: 'amd64', os.version: '10.0', java.version: '17.0.3'
Driver info: org.openqa.selenium.chrome.ChromeDriver
Command: [70c4e1e6408ccaaed8f83d5c8368160c, get {url=http://rmgtestingserver/domain/Online_Banking_System/}]
Capabilities {acceptInsecureCerts: false, browserName: chrome, browserVersion: 105.0.5195.127, chrome: {chromedriverVersion: 105.0.5195.52 (412c95e51883..., userDataDir: C:\Users\Shinde\AppData\Loc...}, goog:chromeOptions: {debuggerAddress: localhost:53775}, networkConnectionEnabled: false, pageLoadStrategy: normal, platformName: WINDOWS, proxy: Proxy(), se:cdp: ws://localhost:53775/devtoo..., se:cdpVersion: 105.0.5195.127, setWindowRect: true, strictFileInteractability: false, timeouts: {implicit: 0, pageLoad: 300000, script: 30000}, unhandledPromptBehavior: dismiss and notify, webauthn:extension:credBlob: true, webauthn:extension:largeBlob: true, webauthn:virtualAuthenticators: true}
Session ID: 70c4e1e6408ccaaed8f83d5c8368160c
at org.openqa.selenium.remote.codec.w3c.W3CHttpResponseCodec.createException(W3CHttpResponseCodec.java:200)
at org.openqa.selenium.remote.codec.w3c.W3CHttpResponseCodec.decode(W3CHttpResponseCodec.java:133)
at org.openqa.selenium.remote.codec.w3c.W3CHttpResponseCodec.decode(W3CHttpResponseCodec.java:53)
at org.openqa.selenium.remote.HttpCommandExecutor.execute(HttpCommandExecutor.java:184)
at org.openqa.selenium.remote.service.DriverCommandExecutor.invokeExecute(DriverCommandExecutor.java:167)
at org.openqa.selenium.remote.service.DriverCommandExecutor.execute(DriverCommandExecutor.java:142)
at org.openqa.selenium.remote.RemoteWebDriver.execute(RemoteWebDriver.java:547)
at org.openqa.selenium.remote.RemoteWebDriver.get(RemoteWebDriver.java:310)
at Org.GenericUtility.WebDriverUtility.launchUrl(WebDriverUtility.java:77)
at Org.GenericUtility.WebDriverUtility.openAndLaunchBrowser(WebDriverUtility.java:91)
at Org.GenericUtility.Base_Class.Testcase5(Base_Class.java:90)
at java.base/java.util.concurrent.ThreadPoolExecutor.runWorker(ThreadPoolExecutor.java:1136)
at java.base/java.util.concurrent.ThreadPoolExecutor$Worker.run(ThreadPoolExecutor.java:635)
at java.base/java.lang.Thread.run(Thread.java:833)
... Removed 21 stack frames]]>
    </failure>
  </testcase> <!-- @BeforeMethod Testcase5 -->
  <testcase classname="Org.GenericUtility.Base_Class" name="@AfterMethod Testcase7" time="-1.663956150259E9">
    <skipped/>
  </testcase> <!-- @AfterMethod Testcase7 -->
  <testcase classname="Org.GenericUtility.Base_Class" name="@AfterClass Testcase9" time="-1.66395615026E9">
    <skipped/>
  </testcase> <!-- @AfterClass Testcase9 -->
  <testcase classname="Org.GenericUtility.Base_Class" name="@BeforeMethod Testcase5" time="49.855">
    <failure type="org.openqa.selenium.WebDriverException" message="unknown error: net::ERR_NAME_NOT_RESOLVED
  (Session info: chrome=105.0.5195.127)
Build info: version: &amp;apos;4.4.0&amp;apos;, revision: &amp;apos;e5c75ed026a&amp;apos;
System info: host: &amp;apos;LAPTOP-T5I20ICV&amp;apos;, ip: &amp;apos;192.168.1.151&amp;apos;, os.name: &amp;apos;Windows 11&amp;apos;, os.arch: &amp;apos;amd64&amp;apos;, os.version: &amp;apos;10.0&amp;apos;, java.version: &amp;apos;17.0.3&amp;apos;
Driver info: org.openqa.selenium.chrome.ChromeDriver
Command: [27f387018ba4b24d29cb07f756a907c5, get {url=http://rmgtestingserver/domain/Online_Banking_System/}]
Capabilities {acceptInsecureCerts: false, browserName: chrome, browserVersion: 105.0.5195.127, chrome: {chromedriverVersion: 105.0.5195.52 (412c95e51883..., userDataDir: C:\Users\Shinde\AppData\Loc...}, goog:chromeOptions: {debuggerAddress: localhost:53773}, networkConnectionEnabled: false, pageLoadStrategy: normal, platformName: WINDOWS, proxy: Proxy(), se:cdp: ws://localhost:53773/devtoo..., se:cdpVersion: 105.0.5195.127, setWindowRect: true, strictFileInteractability: false, timeouts: {implicit: 0, pageLoad: 300000, script: 30000}, unhandledPromptBehavior: dismiss and notify, webauthn:extension:credBlob: true, webauthn:extension:largeBlob: true, webauthn:virtualAuthenticators: true}
Session ID: 27f387018ba4b24d29cb07f756a907c5">
      <![CDATA[org.openqa.selenium.WebDriverException: unknown error: net::ERR_NAME_NOT_RESOLVED
  (Session info: chrome=105.0.5195.127)
Build info: version: '4.4.0', revision: 'e5c75ed026a'
System info: host: 'LAPTOP-T5I20ICV', ip: '192.168.1.151', os.name: 'Windows 11', os.arch: 'amd64', os.version: '10.0', java.version: '17.0.3'
Driver info: org.openqa.selenium.chrome.ChromeDriver
Command: [27f387018ba4b24d29cb07f756a907c5, get {url=http://rmgtestingserver/domain/Online_Banking_System/}]
Capabilities {acceptInsecureCerts: false, browserName: chrome, browserVersion: 105.0.5195.127, chrome: {chromedriverVersion: 105.0.5195.52 (412c95e51883..., userDataDir: C:\Users\Shinde\AppData\Loc...}, goog:chromeOptions: {debuggerAddress: localhost:53773}, networkConnectionEnabled: false, pageLoadStrategy: normal, platformName: WINDOWS, proxy: Proxy(), se:cdp: ws://localhost:53773/devtoo..., se:cdpVersion: 105.0.5195.127, setWindowRect: true, strictFileInteractability: false, timeouts: {implicit: 0, pageLoad: 300000, script: 30000}, unhandledPromptBehavior: dismiss and notify, webauthn:extension:credBlob: true, webauthn:extension:largeBlob: true, webauthn:virtualAuthenticators: true}
Session ID: 27f387018ba4b24d29cb07f756a907c5
at org.openqa.selenium.remote.codec.w3c.W3CHttpResponseCodec.createException(W3CHttpResponseCodec.java:200)
at org.openqa.selenium.remote.codec.w3c.W3CHttpResponseCodec.decode(W3CHttpResponseCodec.java:133)
at org.openqa.selenium.remote.codec.w3c.W3CHttpResponseCodec.decode(W3CHttpResponseCodec.java:53)
at org.openqa.selenium.remote.HttpCommandExecutor.execute(HttpCommandExecutor.java:184)
at org.openqa.selenium.remote.service.DriverCommandExecutor.invokeExecute(DriverCommandExecutor.java:167)
at org.openqa.selenium.remote.service.DriverCommandExecutor.execute(DriverCommandExecutor.java:142)
at org.openqa.selenium.remote.RemoteWebDriver.execute(RemoteWebDriver.java:547)
at org.openqa.selenium.remote.RemoteWebDriver.get(RemoteWebDriver.java:310)
at Org.GenericUtility.WebDriverUtility.launchUrl(WebDriverUtility.java:77)
at Org.GenericUtility.WebDriverUtility.openAndLaunchBrowser(WebDriverUtility.java:91)
at Org.GenericUtility.Base_Class.Testcase5(Base_Class.java:90)
at java.base/java.util.concurrent.ThreadPoolExecutor.runWorker(ThreadPoolExecutor.java:1136)
at java.base/java.util.concurrent.ThreadPoolExecutor$Worker.run(ThreadPoolExecutor.java:635)
at java.base/java.lang.Thread.run(Thread.java:833)
... Removed 21 stack frames]]>
    </failure>
  </testcase> <!-- @BeforeMethod Testcase5 -->
  <testcase classname="Org.GenericUtility.Base_Class" name="@AfterMethod Testcase7" time="-1.663956151005E9">
    <skipped/>
  </testcase> <!-- @AfterMethod Testcase7 -->
  <testcase classname="Org.GenericUtility.Base_Class" name="@AfterClass Testcase9" time="-1.663956151006E9">
    <skipped/>
  </testcase> <!-- @AfterClass Testcase9 -->
  <testcase classname="Org.GenericUtility.Base_Class" name="@BeforeMethod Testcase5" time="50.217">
    <failure type="org.openqa.selenium.SessionNotCreatedException" message="Could not start a new session. Response code 500. Message: session not created
from disconnected: received Inspector.detached event
  (Session info: chrome=105.0.5195.127)
Build info: version: &amp;apos;4.4.0&amp;apos;, revision: &amp;apos;e5c75ed026a&amp;apos;
System info: host: &amp;apos;LAPTOP-T5I20ICV&amp;apos;, ip: &amp;apos;192.168.1.151&amp;apos;, os.name: &amp;apos;Windows 11&amp;apos;, os.arch: &amp;apos;amd64&amp;apos;, os.version: &amp;apos;10.0&amp;apos;, java.version: &amp;apos;17.0.3&amp;apos;
Driver info: org.openqa.selenium.chrome.ChromeDriver
Command: [null, newSession {capabilities=[Capabilities {browserName: chrome, goog:chromeOptions: {args: [], extensions: []}}], desiredCapabilities=Capabilities {browserName: chrome, goog:chromeOptions: {args: [], extensions: []}}}]">
      <![CDATA[org.openqa.selenium.SessionNotCreatedException: Could not start a new session. Response code 500. Message: session not created
from disconnected: received Inspector.detached event
  (Session info: chrome=105.0.5195.127)
Build info: version: '4.4.0', revision: 'e5c75ed026a'
System info: host: 'LAPTOP-T5I20ICV', ip: '192.168.1.151', os.name: 'Windows 11', os.arch: 'amd64', os.version: '10.0', java.version: '17.0.3'
Driver info: org.openqa.selenium.chrome.ChromeDriver
Command: [null, newSession {capabilities=[Capabilities {browserName: chrome, goog:chromeOptions: {args: [], extensions: []}}], desiredCapabilities=Capabilities {browserName: chrome, goog:chromeOptions: {args: [], extensions: []}}}]
at org.openqa.selenium.remote.ProtocolHandshake.createSession(ProtocolHandshake.java:144)
at org.openqa.selenium.remote.ProtocolHandshake.createSession(ProtocolHandshake.java:102)
at org.openqa.selenium.remote.ProtocolHandshake.createSession(ProtocolHandshake.java:67)
at org.openqa.selenium.remote.HttpCommandExecutor.execute(HttpCommandExecutor.java:156)
at org.openqa.selenium.remote.service.DriverCommandExecutor.invokeExecute(DriverCommandExecutor.java:167)
at org.openqa.selenium.remote.service.DriverCommandExecutor.execute(DriverCommandExecutor.java:142)
at org.openqa.selenium.remote.RemoteWebDriver.execute(RemoteWebDriver.java:547)
at org.openqa.selenium.remote.RemoteWebDriver.startSession(RemoteWebDriver.java:242)
at org.openqa.selenium.remote.RemoteWebDriver.<init>(RemoteWebDriver.java:157)
at org.openqa.selenium.chromium.ChromiumDriver.<init>(ChromiumDriver.java:101)
at org.openqa.selenium.chrome.ChromeDriver.<init>(ChromeDriver.java:81)
at org.openqa.selenium.chrome.ChromeDriver.<init>(ChromeDriver.java:49)
at Org.GenericUtility.WebDriverUtility.OpenBrowser(WebDriverUtility.java:50)
at Org.GenericUtility.WebDriverUtility.openAndLaunchBrowser(WebDriverUtility.java:88)
at Org.GenericUtility.Base_Class.Testcase5(Base_Class.java:90)
at java.base/java.util.concurrent.ThreadPoolExecutor.runWorker(ThreadPoolExecutor.java:1136)
at java.base/java.util.concurrent.ThreadPoolExecutor$Worker.run(ThreadPoolExecutor.java:635)
at java.base/java.lang.Thread.run(Thread.java:833)
... Removed 16 stack frames]]>
    </failure>
  </testcase> <!-- @BeforeMethod Testcase5 -->
  <testcase classname="Org.GenericUtility.Base_Class" name="@AfterMethod Testcase7" time="-1.663956151396E9">
    <skipped/>
  </testcase> <!-- @AfterMethod Testcase7 -->
  <testcase classname="Org.GenericUtility.Base_Class" name="@AfterClass Testcase9" time="-1.663956151398E9">
    <skipped/>
  </testcase> <!-- @AfterClass Testcase9 -->
  <testcase classname="Org_Automation_Test_NG.CreditCustomerTest" name="OpenAccountTest" time="0.0">
    <skipped/>
  </testcase> <!-- OpenAccountTest -->
  <testcase classname="Org_Automation_Test_NG.DeleteCustomerTest" name="deleteCustomer" time="0.0">
    <skipped/>
  </testcase> <!-- deleteCustomer -->
  <testcase classname="Org_Automation_Test_NG.AccountOpeningTest" name="accountOpening" time="0.0">
    <skipped/>
  </testcase> <!-- accountOpening -->
  <testcase classname="Org_Automation_Test_NG.DebitCardTest" name="debitCard" time="0.0">
    <skipped/>
  </testcase> <!-- debitCard -->
  <testcase classname="Org_Automation_Test_NG.InternetBankingTest" name="accountOpening" time="0.0">
    <skipped/>
  </testcase> <!-- accountOpening -->
  <testcase classname="Org.GenericUtility.Base_Class" name="@BeforeTest Testcase3" time="0.0">
    <ignored/>
  </testcase> <!-- @BeforeTest Testcase3 -->
  <testcase classname="Org.GenericUtility.Base_Class" name="@BeforeTest Testcase3" time="0.0">
    <ignored/>
  </testcase> <!-- @BeforeTest Testcase3 -->
  <testcase classname="Org.GenericUtility.Base_Class" name="@BeforeTest Testcase3" time="0.0">
    <ignored/>
  </testcase> <!-- @BeforeTest Testcase3 -->
  <testcase classname="Org.GenericUtility.Base_Class" name="@BeforeTest Testcase3" time="0.0">
    <ignored/>
  </testcase> <!-- @BeforeTest Testcase3 -->
  <testcase classname="Org.GenericUtility.Base_Class" name="@AfterTest Testcase8" time="0.0">
    <ignored/>
  </testcase> <!-- @AfterTest Testcase8 -->
  <testcase classname="Org.GenericUtility.Base_Class" name="@AfterTest Testcase8" time="0.0">
    <ignored/>
  </testcase> <!-- @AfterTest Testcase8 -->
  <testcase classname="Org.GenericUtility.Base_Class" name="@AfterTest Testcase8" time="0.0">
    <ignored/>
  </testcase> <!-- @AfterTest Testcase8 -->
  <testcase classname="Org.GenericUtility.Base_Class" name="@AfterTest Testcase8" time="0.0">
    <ignored/>
  </testcase> <!-- @AfterTest Testcase8 -->
  <testcase classname="Org.GenericUtility.Base_Class" name="@AfterSuite Testcase10" time="0.0">
    <ignored/>
  </testcase> <!-- @AfterSuite Testcase10 -->
  <testcase classname="Org.GenericUtility.Base_Class" name="@AfterSuite Testcase10" time="0.0">
    <ignored/>
  </testcase> <!-- @AfterSuite Testcase10 -->
  <testcase classname="Org.GenericUtility.Base_Class" name="@AfterSuite Testcase10" time="0.0">
    <ignored/>
  </testcase> <!-- @AfterSuite Testcase10 -->
  <testcase classname="Org.GenericUtility.Base_Class" name="@AfterSuite Testcase10" time="0.0">
    <ignored/>
  </testcase> <!-- @AfterSuite Testcase10 -->
  <testcase classname="Org.GenericUtility.Base_Class" name="@BeforeSuite Testcase1" time="0.0">
    <ignored/>
  </testcase> <!-- @BeforeSuite Testcase1 -->
  <testcase classname="Org.GenericUtility.Base_Class" name="@BeforeSuite Testcase1" time="0.0">
    <ignored/>
  </testcase> <!-- @BeforeSuite Testcase1 -->
  <testcase classname="Org.GenericUtility.Base_Class" name="@BeforeSuite Testcase1" time="0.0">
    <ignored/>
  </testcase> <!-- @BeforeSuite Testcase1 -->
  <testcase classname="Org.GenericUtility.Base_Class" name="@BeforeSuite Testcase1" time="0.0">
    <ignored/>
  </testcase> <!-- @BeforeSuite Testcase1 -->
</testsuite> <!-- Test -->
