<?xml version="1.0" encoding="UTF-8"?>
<!-- Generated by org.testng.reporters.JUnitXMLReporter -->
<testsuite ignored="12" hostname="LAPTOP-T5I20ICV" failures="0" tests="4" name="Test2" time="23.122" errors="0" timestamp="2022-09-13T16:52:01 IST">
  <testcase classname="Org_Automation_Test_NG.TestCase11111" name="accountOpening" time="12.291"/>
  <testcase classname="Org_Automation_Test_NG.Testcase33333" name="creditCustomer" time="13.667"/>
  <testcase classname="Org_Automation_Test_NG.Testcase44444" name="deleteCustomer" time="14.751"/>
  <testcase classname="Org_Automation_Test_NG.Testcase22222" name="debitCard" time="16.806"/>
  <testcase classname="Org.GenericUtility.Base_Class" name="@AfterSuite Testcase10" time="0.0">
    <ignored/>
  </testcase> <!-- @AfterSuite Testcase10 -->
  <testcase classname="Org.GenericUtility.Base_Class" name="@AfterSuite Testcase10" time="0.0">
    <ignored/>
  </testcase> <!-- @AfterSuite Testcase10 -->
  <testcase classname="Org.GenericUtility.Base_Class" name="@AfterSuite Testcase10" time="0.0">
    <ignored/>
  </testcase> <!-- @AfterSuite Testcase10 -->
  <testcase classname="Org.GenericUtility.Base_Class" name="@BeforeSuite Testcase1" time="0.0">
    <ignored/>
  </testcase> <!-- @BeforeSuite Testcase1 -->
  <testcase classname="Org.GenericUtility.Base_Class" name="@BeforeSuite Testcase1" time="0.0">
    <ignored/>
  </testcase> <!-- @BeforeSuite Testcase1 -->
  <testcase classname="Org.GenericUtility.Base_Class" name="@BeforeSuite Testcase1" time="0.0">
    <ignored/>
  </testcase> <!-- @BeforeSuite Testcase1 -->
  <testcase classname="Org.GenericUtility.Base_Class" name="@BeforeTest Testcase3" time="0.0">
    <ignored/>
  </testcase> <!-- @BeforeTest Testcase3 -->
  <testcase classname="Org.GenericUtility.Base_Class" name="@BeforeTest Testcase3" time="0.0">
    <ignored/>
  </testcase> <!-- @BeforeTest Testcase3 -->
  <testcase classname="Org.GenericUtility.Base_Class" name="@BeforeTest Testcase3" time="0.0">
    <ignored/>
  </testcase> <!-- @BeforeTest Testcase3 -->
  <testcase classname="Org.GenericUtility.Base_Class" name="@AfterTest Testcase8" time="0.0">
    <ignored/>
  </testcase> <!-- @AfterTest Testcase8 -->
  <testcase classname="Org.GenericUtility.Base_Class" name="@AfterTest Testcase8" time="0.0">
    <ignored/>
  </testcase> <!-- @AfterTest Testcase8 -->
  <testcase classname="Org.GenericUtility.Base_Class" name="@AfterTest Testcase8" time="0.0">
    <ignored/>
  </testcase> <!-- @AfterTest Testcase8 -->
</testsuite> <!-- Test2 -->
