<?xml version="1.0" encoding="UTF-8"?>
<testng-results ignored="0" total="1" passed="1" failed="0" skipped="0">
  <reporter-output>
  </reporter-output>
  <suite started-at="2022-09-20T13:01:12 IST" name="Default suite" finished-at="2022-09-20T13:01:25 IST" duration-ms="12128">
    <groups>
    </groups>
    <test started-at="2022-09-20T13:01:12 IST" name="Default test" finished-at="2022-09-20T13:01:25 IST" duration-ms="12128">
      <class name="Org_Automation_Test_NG.MavenPratctice1Test">
        <test-method signature="sample()[pri:0, instance:Org_Automation_Test_NG.MavenPratctice1Test@66d3eec0]" started-at="2022-09-20T13:01:13 IST" name="sample" finished-at="2022-09-20T13:01:25 IST" duration-ms="12083" status="PASS">
          <reporter-output>
          </reporter-output>
        </test-method> <!-- sample -->
      </class> <!-- Org_Automation_Test_NG.MavenPratctice1Test -->
    </test> <!-- Default test -->
  </suite> <!-- Default suite -->
</testng-results>
